Determining if the pthread_create exist failed with the following output:
Change Dir: /home/obviyus/Desktop/ROS/src/build/CMakeFiles/CMakeTmp

Run Build Command:"/usr/bin/make" "cmTC_bd1f9/fast"
/usr/bin/make -f CMakeFiles/cmTC_bd1f9.dir/build.make CMakeFiles/cmTC_bd1f9.dir/build
make[1]: Entering directory '/home/obviyus/Desktop/ROS/src/build/CMakeFiles/CMakeTmp'
Building C object CMakeFiles/cmTC_bd1f9.dir/CheckSymbolExists.c.o
/usr/bin/cc    -o CMakeFiles/cmTC_bd1f9.dir/CheckSymbolExists.c.o   -c /home/obviyus/Desktop/ROS/src/build/CMakeFiles/CMakeTmp/CheckSymbolExists.c
Linking C executable cmTC_bd1f9
/usr/bin/cmake -E cmake_link_script CMakeFiles/cmTC_bd1f9.dir/link.txt --verbose=1
/usr/bin/cc      -rdynamic CMakeFiles/cmTC_bd1f9.dir/CheckSymbolExists.c.o  -o cmTC_bd1f9 
CMakeFiles/cmTC_bd1f9.dir/CheckSymbolExists.c.o: In function `main':
CheckSymbolExists.c:(.text+0x1b): undefined reference to `pthread_create'
collect2: error: ld returned 1 exit status
CMakeFiles/cmTC_bd1f9.dir/build.make:97: recipe for target 'cmTC_bd1f9' failed
make[1]: *** [cmTC_bd1f9] Error 1
make[1]: Leaving directory '/home/obviyus/Desktop/ROS/src/build/CMakeFiles/CMakeTmp'
Makefile:126: recipe for target 'cmTC_bd1f9/fast' failed
make: *** [cmTC_bd1f9/fast] Error 2

File /home/obviyus/Desktop/ROS/src/build/CMakeFiles/CMakeTmp/CheckSymbolExists.c:
/* */
#include <pthread.h>

int main(int argc, char** argv)
{
  (void)argv;
#ifndef pthread_create
  return ((int*)(&pthread_create))[argc];
#else
  (void)argc;
  return 0;
#endif
}

Determining if the function pthread_create exists in the pthreads failed with the following output:
Change Dir: /home/obviyus/Desktop/ROS/src/build/CMakeFiles/CMakeTmp

Run Build Command:"/usr/bin/make" "cmTC_1136b/fast"
/usr/bin/make -f CMakeFiles/cmTC_1136b.dir/build.make CMakeFiles/cmTC_1136b.dir/build
make[1]: Entering directory '/home/obviyus/Desktop/ROS/src/build/CMakeFiles/CMakeTmp'
Building C object CMakeFiles/cmTC_1136b.dir/CheckFunctionExists.c.o
/usr/bin/cc   -DCHECK_FUNCTION_EXISTS=pthread_create   -o CMakeFiles/cmTC_1136b.dir/CheckFunctionExists.c.o   -c /usr/share/cmake-3.10/Modules/CheckFunctionExists.c
Linking C executable cmTC_1136b
/usr/bin/cmake -E cmake_link_script CMakeFiles/cmTC_1136b.dir/link.txt --verbose=1
/usr/bin/cc  -DCHECK_FUNCTION_EXISTS=pthread_create    -rdynamic CMakeFiles/cmTC_1136b.dir/CheckFunctionExists.c.o  -o cmTC_1136b -lpthreads 
/usr/bin/ld: cannot find -lpthreads
collect2: error: ld returned 1 exit status
CMakeFiles/cmTC_1136b.dir/build.make:97: recipe for target 'cmTC_1136b' failed
make[1]: *** [cmTC_1136b] Error 1
make[1]: Leaving directory '/home/obviyus/Desktop/ROS/src/build/CMakeFiles/CMakeTmp'
Makefile:126: recipe for target 'cmTC_1136b/fast' failed
make: *** [cmTC_1136b/fast] Error 2


